[simply-strength.com/xyz-ics-preview-page-2/index.html]
[simply-strength.com/adventure-in-taniti/index.html]
[simply-strength.com/relax-in-taniti/index.html]
[simply-strength.com/your-stay-in-taniti/index.html]
[backblue.gif]
[fade.gif]
[index.html]
[c0.wp.com/c/6.8.2/wp-includes/js/mediaelement/mediaelementplayer-legacy.min.css]
[c0.wp.com/c/6.8.2/wp-includes/js/mediaelement/wp-mediaelement.min.css]
[simply-strength.com/wp-content/themes/hello-elementor/style.min5b75.css]
[simply-strength.com/wp-content/themes/hello-elementor/theme.min5b75.css]
[simply-strength.com/wp-content/themes/hello-elementor/header-footer.min5b75.css]
[simply-strength.com/wp-content/plugins/elementor/assets/css/frontend.min55cb.css]
[simply-strength.com/wp-content/uploads/elementor/css/post-733a6.css]
[simply-strength.com/wp-content/plugins/jetpack/modules/likes/stylec964.css]
[simply-strength.com/wp-content/plugins/elementor/assets/css/widget-heading.min55cb.css]
[simply-strength.com/wp-content/plugins/elementor-pro/assets/css/conditionals/popup.min862f.css]
[simply-strength.com/wp-content/plugins/elementor-pro/assets/css/widget-nav-menu.min862f.css]
[simply-strength.com/wp-content/plugins/elementor/assets/css/widget-spacer.min55cb.css]
[simply-strength.com/wp-content/plugins/elementor-pro/assets/css/widget-flip-box.min862f.css]
[simply-strength.com/wp-content/plugins/elementor/assets/css/widget-icon-list.min55cb.css]
[simply-strength.com/wp-content/plugins/elementor/assets/css/widget-social-icons.min55cb.css]
[simply-strength.com/wp-content/plugins/elementor/assets/css/conditionals/apple-webkit.min55cb.css]
[simply-strength.com/wp-content/uploads/elementor/css/post-1178b6c9.css]
[simply-strength.com/wp-content/uploads/elementor/css/post-22633a6.css]
[simply-strength.com/wp-content/uploads/elementor/css/post-22233a6.css]
[simply-strength.com/wp-content/uploads/elementor/css/post-21833a6.css]
[simply-strength.com/wp-content/uploads/elementor/css/post-21433a6.css]
[simply-strength.com/wp-content/uploads/elementor/css/post-21033a6.css]
[simply-strength.com/wp-content/uploads/elementor/css/post-20533a6.css]
[simply-strength.com/wp-content/uploads/elementor/css/post-19833a6.css]
[simply-strength.com/wp-content/uploads/elementor/css/post-19045b4.css]
[simply-strength.com/wp-content/uploads/elementor/css/post-18645b4.css]
[simply-strength.com/wp-content/uploads/elementor/css/post-15945b4.css]
[simply-strength.com/wp-content/plugins/jetpack/modules/sharedaddy/sharingc964.css]
[simply-strength.com/wp-content/plugins/jetpack/_inc/social-logos/social-logos.minc964.css]
[simply-strength.com/wp-content/uploads/elementor/google-fonts/css/robotocondensed1416.css]
[c0.wp.com/c/6.8.2/wp-includes/js/jquery/jquery.min.js]
[c0.wp.com/c/6.8.2/wp-includes/js/jquery/jquery-migrate.min.js]
[i0.wp.com/simply-strength.com/wp-content/uploads/2024/05/FullLogo_Transparent_NoBuffer3400.png]
[i0.wp.com/simply-strength.com/wp-content/uploads/2024/05/FullLogo_Transparent_NoBuffer3fd0.png]
[i0.wp.com/simply-strength.com/wp-content/uploads/2024/05/FullLogo_Transparent_NoBufferb914.png]
[s0.wp.com/wp-content/js/bilmur.minb450.js]
[simply-strength.com/wp-content/plugins/jetpack/jetpack_vendor/automattic/jetpack-forms/dist/modules/form/viewc964.js]
[simply-strength.com/wp-includes/js/dist/script-modules/interactivity/index.min1c7d.js]
[simply-strength.com/wp-content/themes/hello-elementor/assets/js/hello-frontend.min5b75.js]
[simply-strength.com/wp-content/plugins/elementor/assets/js/webpack.runtime.min55cb.js]
[simply-strength.com/wp-content/plugins/elementor/assets/js/frontend-modules.min55cb.js]
[c0.wp.com/c/6.8.2/wp-includes/js/jquery/ui/core.min.js]
[simply-strength.com/wp-content/plugins/elementor/assets/js/frontend.min55cb.js]
[simply-strength.com/wp-content/plugins/elementor-pro/assets/lib/smartmenus/jquery.smartmenus.min1576.js]
[simply-strength.com/wp-content/plugins/elementor-pro/assets/lib/sticky/jquery.sticky.min862f.js]
[simply-strength.com/wp-content/plugins/jetpack/_inc/build/likes/queuehandler.minc964.js]
[stats.wp.com/e-202530.js]
[simply-strength.com/wp-content/plugins/elementor-pro/assets/js/webpack-pro.runtime.min862f.js]
[c0.wp.com/c/6.8.2/wp-includes/js/dist/hooks.min.js]
[c0.wp.com/c/6.8.2/wp-includes/js/dist/i18n.min.js]
[simply-strength.com/wp-content/plugins/elementor-pro/assets/js/frontend.min862f.js]
[simply-strength.com/wp-content/plugins/elementor-pro/assets/js/elements-handlers.min862f.js]
[simply-strength.com/xyz-ics-preview-page-2/index.html]
[simply-strength.com/wp-content/plugins/jetpack/_inc/build/sharedaddy/sharing.minc964.js]
[simply-strength.com/wp-content/uploads/elementor/css/post-1233e19e.css]
[i0.wp.com/simply-strength.com/wp-content/uploads/2025/07/lava-67574_192044ce.jpg]
[simply-strength.com/wp-content/plugins/jetpack/_inc/blocks/swiperc964.css]
[simply-strength.com/wp-content/plugins/jetpack/modules/carousel/jetpack-carouselc964.css]
[simply-strength.com/adventure-in-taniti/index.html]
[simply-strength.com/wp-content/plugins/jetpack/_inc/build/carousel/jetpack-carousel.minc964.js]
[simply-strength.com/wp-content/uploads/elementor/css/post-1214b3f5.css]
[i0.wp.com/simply-strength.com/wp-content/uploads/2025/07/beach-6292382_128044ce.jpg]
[simply-strength.com/relax-in-taniti/index.html]
[simply-strength.com/wp-content/uploads/elementor/css/post-120124c1.css]
[i0.wp.com/simply-strength.com/wp-content/uploads/2025/07/bed-4416515_192044ce.jpg]
[simply-strength.com/your-stay-in-taniti/index.html]
[c0.wp.com/c/6.8.2/wp-includes/js/mediaelement/mediaelementplayer-legacy.min.css]
[c0.wp.com/c/6.8.2/wp-includes/js/mediaelement/wp-mediaelement.min.css]
[simply-strength.com/wp-content/themes/hello-elementor/style.min5b75.css]
[simply-strength.com/wp-content/themes/hello-elementor/theme.min5b75.css]
[simply-strength.com/wp-content/themes/hello-elementor/header-footer.min5b75.css]
[simply-strength.com/wp-content/plugins/elementor/assets/css/frontend.min55cb.css]
[simply-strength.com/wp-content/uploads/elementor/css/post-733a6.css]
[simply-strength.com/wp-content/plugins/jetpack/modules/likes/stylec964.css]
[simply-strength.com/wp-content/plugins/elementor/assets/css/widget-heading.min55cb.css]
[simply-strength.com/wp-content/plugins/elementor/assets/lib/animations/styles/fadeIn.min55cb.css]
[simply-strength.com/wp-content/plugins/elementor-pro/assets/css/conditionals/popup.min862f.css]
[simply-strength.com/wp-content/plugins/elementor-pro/assets/css/widget-nav-menu.min862f.css]
[simply-strength.com/wp-content/plugins/elementor/assets/css/widget-spacer.min55cb.css]
[simply-strength.com/wp-content/plugins/elementor-pro/assets/css/widget-flip-box.min862f.css]
[simply-strength.com/wp-content/plugins/elementor/assets/css/widget-icon-list.min55cb.css]
[simply-strength.com/wp-content/plugins/elementor-pro/assets/css/modules/sticky.min862f.css]
[simply-strength.com/wp-content/plugins/elementor/assets/css/widget-social-icons.min55cb.css]
[simply-strength.com/wp-content/plugins/elementor/assets/css/conditionals/apple-webkit.min55cb.css]
[c0.wp.com/c/6.8.2/wp-includes/js/mediaelement/mejs-controls.svg]
[i0.wp.com/simply-strength.com/wp-content/uploads/2025/07/bora-bora-3023437_19201c62f.jpg]
[i0.wp.com/simply-strength.com/wp-content/uploads/2025/07/man-6342665_1920c62f.jpg]
[i0.wp.com/simply-strength.com/wp-content/uploads/2025/07/golf-course-3793518_1920fbf8.jpg]
[simply-strength.com/wp-content/uploads/elementor/css/post-1178b6c9.css]
[simply-strength.com/wp-content/uploads/elementor/css/post-22633a6.css]
[simply-strength.com/wp-content/uploads/elementor/css/post-22233a6.css]
[simply-strength.com/wp-content/uploads/elementor/css/post-21833a6.css]
[simply-strength.com/wp-content/uploads/elementor/css/post-21433a6.css]
[simply-strength.com/wp-content/uploads/elementor/css/post-21033a6.css]
[simply-strength.com/wp-content/uploads/elementor/css/post-20533a6.css]
[simply-strength.com/wp-content/uploads/elementor/css/post-19833a6.css]
[simply-strength.com/wp-content/uploads/elementor/css/post-19045b4.css]
[simply-strength.com/wp-content/uploads/elementor/css/post-18645b4.css]
[simply-strength.com/wp-content/uploads/elementor/css/post-15945b4.css]
[simply-strength.com/wp-content/plugins/jetpack/modules/sharedaddy/sharingc964.css]
[simply-strength.com/wp-content/plugins/jetpack/_inc/social-logos/social-logos.minc964.css]
[simply-strength.com/wp-content/uploads/elementor/google-fonts/css/robotocondensed1416.css]
[simply-strength.com/xyz-ics-preview-page-2/index5a58.html]
[simply-strength.com/xyz-ics-preview-page-2/index62b6.html]
[simply-strength.com/wp-content/plugins/elementor/assets/css/widget-image.min55cb.css]
[simply-strength.com/wp-content/uploads/elementor/css/post-1233e19e.css]
[simply-strength.com/adventure-in-taniti/index5a58.html]
[simply-strength.com/adventure-in-taniti/index62b6.html]
[simply-strength.com/wp-content/plugins/jetpack/_inc/blocks/swiperc964.css]
[simply-strength.com/wp-content/plugins/jetpack/modules/carousel/jetpack-carouselc964.css]
[simply-strength.com/wp-content/uploads/elementor/css/post-1214b3f5.css]
[simply-strength.com/relax-in-taniti/index5a58.html]
[simply-strength.com/relax-in-taniti/index62b6.html]
[simply-strength.com/wp-content/uploads/elementor/css/post-120124c1.css]
[simply-strength.com/your-stay-in-taniti/index5a58.html]
[simply-strength.com/your-stay-in-taniti/index62b6.html]
[c0.wp.com/c/6.8.2/wp-includes/js/mediaelement/mejs-controls.svg]
